2025-03-17 00:10:05,873 - 左拾月 - INFO - 左拾月启动中...
2025-03-17 00:10:05,875 - 左拾月.配置管理器 - INFO - 已创建默认配置文件
2025-03-17 00:10:05,876 - 左拾月.配置管理器 - INFO - 配置管理器已初始化
2025-03-17 00:10:05,876 - 左拾月.平台适配器 - INFO - 平台适配器已初始化: Windows
2025-03-17 00:10:05,876 - 左拾月 - INFO - 当前运行平台: Windows
2025-03-17 00:10:05,876 - 左拾月.应用管理器 - INFO - 开始初始化功能模块...
2025-03-17 00:10:05,996 - 左拾月.应用管理器 - INFO - 已加载模块: todo
2025-03-17 00:10:05,996 - 左拾月.应用管理器 - INFO - 已加载模块: pomodoro
2025-03-17 00:10:05,997 - 左拾月.应用管理器 - INFO - 已加载模块: launcher
2025-03-17 00:10:05,997 - 左拾月.应用管理器 - INFO - 已加载模块: games
2025-03-17 00:10:05,997 - 左拾月.应用管理器 - INFO - 共加载 4 个模块
2025-03-17 00:10:05,997 - 左拾月.应用管理器 - INFO - 应用管理器已初始化
2025-03-17 00:10:06,590 - 左拾月.应用管理器 - INFO - 开始初始化功能模块...
2025-03-17 00:10:06,590 - 左拾月.应用管理器 - INFO - 已加载模块: todo
2025-03-17 00:10:06,591 - 左拾月.应用管理器 - INFO - 已加载模块: pomodoro
2025-03-17 00:10:06,591 - 左拾月.应用管理器 - INFO - 已加载模块: launcher
2025-03-17 00:10:06,591 - 左拾月.应用管理器 - INFO - 已加载模块: games
2025-03-17 00:10:06,591 - 左拾月.应用管理器 - INFO - 共加载 4 个模块
2025-03-17 00:10:06,656 - 左拾月.主窗口 - ERROR - 加载模块UI失败: create_widget() missing 1 required positional argument: 'config_manager'
2025-03-17 00:10:06,659 - 左拾月.主窗口 - ERROR - 加载模块UI失败: module 'src.modules.pomodoro' has no attribute 'create_widget'
2025-03-17 00:10:06,660 - 左拾月.主窗口 - ERROR - 加载模块UI失败: module 'src.modules.launcher' has no attribute 'create_widget'
2025-03-17 00:10:06,660 - 左拾月.主窗口 - ERROR - 加载模块UI失败: module 'src.modules.games' has no attribute 'create_widget'
2025-03-17 00:10:06,661 - 左拾月.主窗口 - INFO - 主窗口已初始化
2025-03-17 00:10:12,668 - 左拾月.配置管理器 - INFO - 配置已保存
2025-03-17 00:10:12,668 - 左拾月.主窗口 - INFO - 主题已切换为: dark
2025-03-17 00:10:13,572 - 左拾月.配置管理器 - INFO - 配置已保存
2025-03-17 00:10:13,572 - 左拾月.主窗口 - INFO - 主题已切换为: light
2025-03-17 00:10:19,340 - 左拾月.平台适配器 - INFO - 处理系统命令: set_volume, 参数: {'level': 50}
2025-03-17 00:10:19,340 - 左拾月.平台适配器 - ERROR - 缺少pycaw库，无法控制Windows音量
2025-03-17 00:10:19,444 - 左拾月.平台适配器 - INFO - 处理系统命令: set_volume, 参数: {'level': 50}
2025-03-17 00:10:19,444 - 左拾月.平台适配器 - ERROR - 缺少pycaw库，无法控制Windows音量
2025-03-17 00:10:19,448 - 左拾月.平台适配器 - INFO - 处理系统命令: set_volume, 参数: {'level': 50}
2025-03-17 00:10:19,449 - 左拾月.平台适配器 - ERROR - 缺少pycaw库，无法控制Windows音量
2025-03-17 00:10:19,452 - 左拾月.平台适配器 - INFO - 处理系统命令: set_volume, 参数: {'level': 49}
2025-03-17 00:10:19,453 - 左拾月.平台适配器 - ERROR - 缺少pycaw库，无法控制Windows音量
2025-03-17 00:10:19,457 - 左拾月.平台适配器 - INFO - 处理系统命令: set_volume, 参数: {'level': 49}
2025-03-17 00:10:19,457 - 左拾月.平台适配器 - ERROR - 缺少pycaw库，无法控制Windows音量
2025-03-17 00:10:19,461 - 左拾月.平台适配器 - INFO - 处理系统命令: set_volume, 参数: {'level': 49}
2025-03-17 00:10:19,462 - 左拾月.平台适配器 - ERROR - 缺少pycaw库，无法控制Windows音量
2025-03-17 00:10:19,466 - 左拾月.平台适配器 - INFO - 处理系统命令: set_volume, 参数: {'level': 48}
2025-03-17 00:10:19,466 - 左拾月.平台适配器 - ERROR - 缺少pycaw库，无法控制Windows音量
2025-03-17 00:10:19,471 - 左拾月.平台适配器 - INFO - 处理系统命令: set_volume, 参数: {'level': 47}
2025-03-17 00:10:19,471 - 左拾月.平台适配器 - ERROR - 缺少pycaw库，无法控制Windows音量
2025-03-17 00:10:19,475 - 左拾月.平台适配器 - INFO - 处理系统命令: set_volume, 参数: {'level': 47}
2025-03-17 00:10:19,476 - 左拾月.平台适配器 - ERROR - 缺少pycaw库，无法控制Windows音量
2025-03-17 00:10:19,479 - 左拾月.平台适配器 - INFO - 处理系统命令: set_volume, 参数: {'level': 46}
2025-03-17 00:10:19,480 - 左拾月.平台适配器 - ERROR - 缺少pycaw库，无法控制Windows音量
2025-03-17 00:10:19,484 - 左拾月.平台适配器 - INFO - 处理系统命令: set_volume, 参数: {'level': 46}
2025-03-17 00:10:19,484 - 左拾月.平台适配器 - ERROR - 缺少pycaw库，无法控制Windows音量
2025-03-17 00:10:19,488 - 左拾月.平台适配器 - INFO - 处理系统命令: set_volume, 参数: {'level': 45}
2025-03-17 00:10:19,489 - 左拾月.平台适配器 - ERROR - 缺少pycaw库，无法控制Windows音量
2025-03-17 00:10:19,493 - 左拾月.平台适配器 - INFO - 处理系统命令: set_volume, 参数: {'level': 45}
2025-03-17 00:10:19,494 - 左拾月.平台适配器 - ERROR - 缺少pycaw库，无法控制Windows音量
2025-03-17 00:10:19,498 - 左拾月.平台适配器 - INFO - 处理系统命令: set_volume, 参数: {'level': 44}
2025-03-17 00:10:19,498 - 左拾月.平台适配器 - ERROR - 缺少pycaw库，无法控制Windows音量
2025-03-17 00:10:19,502 - 左拾月.平台适配器 - INFO - 处理系统命令: set_volume, 参数: {'level': 44}
2025-03-17 00:10:19,502 - 左拾月.平台适配器 - ERROR - 缺少pycaw库，无法控制Windows音量
2025-03-17 00:10:19,507 - 左拾月.平台适配器 - INFO - 处理系统命令: set_volume, 参数: {'level': 43}
2025-03-17 00:10:19,507 - 左拾月.平台适配器 - ERROR - 缺少pycaw库，无法控制Windows音量
2025-03-17 00:10:19,511 - 左拾月.平台适配器 - INFO - 处理系统命令: set_volume, 参数: {'level': 43}
2025-03-17 00:10:19,511 - 左拾月.平台适配器 - ERROR - 缺少pycaw库，无法控制Windows音量
2025-03-17 00:10:19,516 - 左拾月.平台适配器 - INFO - 处理系统命令: set_volume, 参数: {'level': 42}
2025-03-17 00:10:19,516 - 左拾月.平台适配器 - ERROR - 缺少pycaw库，无法控制Windows音量
2025-03-17 00:10:19,520 - 左拾月.平台适配器 - INFO - 处理系统命令: set_volume, 参数: {'level': 42}
2025-03-17 00:10:19,520 - 左拾月.平台适配器 - ERROR - 缺少pycaw库，无法控制Windows音量
2025-03-17 00:10:19,524 - 左拾月.平台适配器 - INFO - 处理系统命令: set_volume, 参数: {'level': 41}
2025-03-17 00:10:19,525 - 左拾月.平台适配器 - ERROR - 缺少pycaw库，无法控制Windows音量
2025-03-17 00:10:19,529 - 左拾月.平台适配器 - INFO - 处理系统命令: set_volume, 参数: {'level': 40}
2025-03-17 00:10:19,529 - 左拾月.平台适配器 - ERROR - 缺少pycaw库，无法控制Windows音量
2025-03-17 00:10:19,533 - 左拾月.平台适配器 - INFO - 处理系统命令: set_volume, 参数: {'level': 40}
2025-03-17 00:10:19,534 - 左拾月.平台适配器 - ERROR - 缺少pycaw库，无法控制Windows音量
2025-03-17 00:10:19,538 - 左拾月.平台适配器 - INFO - 处理系统命令: set_volume, 参数: {'level': 39}
2025-03-17 00:10:19,538 - 左拾月.平台适配器 - ERROR - 缺少pycaw库，无法控制Windows音量
2025-03-17 00:10:19,542 - 左拾月.平台适配器 - INFO - 处理系统命令: set_volume, 参数: {'level': 39}
2025-03-17 00:10:19,543 - 左拾月.平台适配器 - ERROR - 缺少pycaw库，无法控制Windows音量
2025-03-17 00:10:19,547 - 左拾月.平台适配器 - INFO - 处理系统命令: set_volume, 参数: {'level': 39}
2025-03-17 00:10:19,547 - 左拾月.平台适配器 - ERROR - 缺少pycaw库，无法控制Windows音量
2025-03-17 00:10:19,551 - 左拾月.平台适配器 - INFO - 处理系统命令: set_volume, 参数: {'level': 38}
2025-03-17 00:10:19,552 - 左拾月.平台适配器 - ERROR - 缺少pycaw库，无法控制Windows音量
2025-03-17 00:10:19,556 - 左拾月.平台适配器 - INFO - 处理系统命令: set_volume, 参数: {'level': 38}
2025-03-17 00:10:19,556 - 左拾月.平台适配器 - ERROR - 缺少pycaw库，无法控制Windows音量
2025-03-17 00:10:19,560 - 左拾月.平台适配器 - INFO - 处理系统命令: set_volume, 参数: {'level': 37}
2025-03-17 00:10:19,561 - 左拾月.平台适配器 - ERROR - 缺少pycaw库，无法控制Windows音量
2025-03-17 00:10:19,565 - 左拾月.平台适配器 - INFO - 处理系统命令: set_volume, 参数: {'level': 37}
2025-03-17 00:10:19,565 - 左拾月.平台适配器 - ERROR - 缺少pycaw库，无法控制Windows音量
2025-03-17 00:10:19,570 - 左拾月.平台适配器 - INFO - 处理系统命令: set_volume, 参数: {'level': 36}
2025-03-17 00:10:19,570 - 左拾月.平台适配器 - ERROR - 缺少pycaw库，无法控制Windows音量
2025-03-17 00:10:19,574 - 左拾月.平台适配器 - INFO - 处理系统命令: set_volume, 参数: {'level': 36}
2025-03-17 00:10:19,575 - 左拾月.平台适配器 - ERROR - 缺少pycaw库，无法控制Windows音量
2025-03-17 00:10:19,579 - 左拾月.平台适配器 - INFO - 处理系统命令: set_volume, 参数: {'level': 36}
2025-03-17 00:10:19,580 - 左拾月.平台适配器 - ERROR - 缺少pycaw库，无法控制Windows音量
2025-03-17 00:10:19,583 - 左拾月.平台适配器 - INFO - 处理系统命令: set_volume, 参数: {'level': 35}
2025-03-17 00:10:19,584 - 左拾月.平台适配器 - ERROR - 缺少pycaw库，无法控制Windows音量
2025-03-17 00:10:19,588 - 左拾月.平台适配器 - INFO - 处理系统命令: set_volume, 参数: {'level': 35}
2025-03-17 00:10:19,588 - 左拾月.平台适配器 - ERROR - 缺少pycaw库，无法控制Windows音量
2025-03-17 00:10:19,592 - 左拾月.平台适配器 - INFO - 处理系统命令: set_volume, 参数: {'level': 34}
2025-03-17 00:10:19,593 - 左拾月.平台适配器 - ERROR - 缺少pycaw库，无法控制Windows音量
2025-03-17 00:10:19,597 - 左拾月.平台适配器 - INFO - 处理系统命令: set_volume, 参数: {'level': 34}
2025-03-17 00:10:19,598 - 左拾月.平台适配器 - ERROR - 缺少pycaw库，无法控制Windows音量
2025-03-17 00:10:19,602 - 左拾月.平台适配器 - INFO - 处理系统命令: set_volume, 参数: {'level': 33}
2025-03-17 00:10:19,602 - 左拾月.平台适配器 - ERROR - 缺少pycaw库，无法控制Windows音量
2025-03-17 00:10:19,606 - 左拾月.平台适配器 - INFO - 处理系统命令: set_volume, 参数: {'level': 33}
2025-03-17 00:10:19,607 - 左拾月.平台适配器 - ERROR - 缺少pycaw库，无法控制Windows音量
2025-03-17 00:10:19,611 - 左拾月.平台适配器 - INFO - 处理系统命令: set_volume, 参数: {'level': 32}
2025-03-17 00:10:19,611 - 左拾月.平台适配器 - ERROR - 缺少pycaw库，无法控制Windows音量
2025-03-17 00:10:19,616 - 左拾月.平台适配器 - INFO - 处理系统命令: set_volume, 参数: {'level': 32}
2025-03-17 00:10:19,616 - 左拾月.平台适配器 - ERROR - 缺少pycaw库，无法控制Windows音量
2025-03-17 00:10:19,620 - 左拾月.平台适配器 - INFO - 处理系统命令: set_volume, 参数: {'level': 32}
2025-03-17 00:10:19,620 - 左拾月.平台适配器 - ERROR - 缺少pycaw库，无法控制Windows音量
2025-03-17 00:10:19,624 - 左拾月.平台适配器 - INFO - 处理系统命令: set_volume, 参数: {'level': 31}
2025-03-17 00:10:19,625 - 左拾月.平台适配器 - ERROR - 缺少pycaw库，无法控制Windows音量
2025-03-17 00:10:19,629 - 左拾月.平台适配器 - INFO - 处理系统命令: set_volume, 参数: {'level': 31}
2025-03-17 00:10:19,629 - 左拾月.平台适配器 - ERROR - 缺少pycaw库，无法控制Windows音量
2025-03-17 00:10:19,633 - 左拾月.平台适配器 - INFO - 处理系统命令: set_volume, 参数: {'level': 31}
2025-03-17 00:10:19,633 - 左拾月.平台适配器 - ERROR - 缺少pycaw库，无法控制Windows音量
2025-03-17 00:10:19,637 - 左拾月.平台适配器 - INFO - 处理系统命令: set_volume, 参数: {'level': 31}
2025-03-17 00:10:19,638 - 左拾月.平台适配器 - ERROR - 缺少pycaw库，无法控制Windows音量
2025-03-17 00:10:19,642 - 左拾月.平台适配器 - INFO - 处理系统命令: set_volume, 参数: {'level': 30}
2025-03-17 00:10:19,642 - 左拾月.平台适配器 - ERROR - 缺少pycaw库，无法控制Windows音量
2025-03-17 00:10:19,647 - 左拾月.平台适配器 - INFO - 处理系统命令: set_volume, 参数: {'level': 30}
2025-03-17 00:10:19,647 - 左拾月.平台适配器 - ERROR - 缺少pycaw库，无法控制Windows音量
2025-03-17 00:10:19,651 - 左拾月.平台适配器 - INFO - 处理系统命令: set_volume, 参数: {'level': 30}
2025-03-17 00:10:19,651 - 左拾月.平台适配器 - ERROR - 缺少pycaw库，无法控制Windows音量
2025-03-17 00:10:19,655 - 左拾月.平台适配器 - INFO - 处理系统命令: set_volume, 参数: {'level': 30}
2025-03-17 00:10:19,656 - 左拾月.平台适配器 - ERROR - 缺少pycaw库，无法控制Windows音量
2025-03-17 00:10:19,660 - 左拾月.平台适配器 - INFO - 处理系统命令: set_volume, 参数: {'level': 29}
2025-03-17 00:10:19,660 - 左拾月.平台适配器 - ERROR - 缺少pycaw库，无法控制Windows音量
2025-03-17 00:10:19,664 - 左拾月.平台适配器 - INFO - 处理系统命令: set_volume, 参数: {'level': 29}
2025-03-17 00:10:19,664 - 左拾月.平台适配器 - ERROR - 缺少pycaw库，无法控制Windows音量
2025-03-17 00:10:19,668 - 左拾月.平台适配器 - INFO - 处理系统命令: set_volume, 参数: {'level': 29}
2025-03-17 00:10:19,668 - 左拾月.平台适配器 - ERROR - 缺少pycaw库，无法控制Windows音量
2025-03-17 00:10:19,674 - 左拾月.平台适配器 - INFO - 处理系统命令: set_volume, 参数: {'level': 29}
2025-03-17 00:10:19,675 - 左拾月.平台适配器 - ERROR - 缺少pycaw库，无法控制Windows音量
2025-03-17 00:10:19,679 - 左拾月.平台适配器 - INFO - 处理系统命令: set_volume, 参数: {'level': 28}
2025-03-17 00:10:19,680 - 左拾月.平台适配器 - ERROR - 缺少pycaw库，无法控制Windows音量
2025-03-17 00:10:19,683 - 左拾月.平台适配器 - INFO - 处理系统命令: set_volume, 参数: {'level': 28}
2025-03-17 00:10:19,684 - 左拾月.平台适配器 - ERROR - 缺少pycaw库，无法控制Windows音量
2025-03-17 00:10:19,688 - 左拾月.平台适配器 - INFO - 处理系统命令: set_volume, 参数: {'level': 28}
2025-03-17 00:10:19,688 - 左拾月.平台适配器 - ERROR - 缺少pycaw库，无法控制Windows音量
2025-03-17 00:10:19,692 - 左拾月.平台适配器 - INFO - 处理系统命令: set_volume, 参数: {'level': 28}
2025-03-17 00:10:19,693 - 左拾月.平台适配器 - ERROR - 缺少pycaw库，无法控制Windows音量
2025-03-17 00:10:19,697 - 左拾月.平台适配器 - INFO - 处理系统命令: set_volume, 参数: {'level': 27}
2025-03-17 00:10:19,697 - 左拾月.平台适配器 - ERROR - 缺少pycaw库，无法控制Windows音量
2025-03-17 00:10:19,701 - 左拾月.平台适配器 - INFO - 处理系统命令: set_volume, 参数: {'level': 27}
2025-03-17 00:10:19,701 - 左拾月.平台适配器 - ERROR - 缺少pycaw库，无法控制Windows音量
2025-03-17 00:10:19,712 - 左拾月.平台适配器 - INFO - 处理系统命令: set_volume, 参数: {'level': 27}
2025-03-17 00:10:19,712 - 左拾月.平台适配器 - ERROR - 缺少pycaw库，无法控制Windows音量
2025-03-17 00:10:19,724 - 左拾月.平台适配器 - INFO - 处理系统命令: set_volume, 参数: {'level': 27}
2025-03-17 00:10:19,724 - 左拾月.平台适配器 - ERROR - 缺少pycaw库，无法控制Windows音量
2025-03-17 00:10:19,730 - 左拾月.平台适配器 - INFO - 处理系统命令: set_volume, 参数: {'level': 27}
2025-03-17 00:10:19,731 - 左拾月.平台适配器 - ERROR - 缺少pycaw库，无法控制Windows音量
2025-03-17 00:10:19,737 - 左拾月.平台适配器 - INFO - 处理系统命令: set_volume, 参数: {'level': 27}
2025-03-17 00:10:19,738 - 左拾月.平台适配器 - ERROR - 缺少pycaw库，无法控制Windows音量
2025-03-17 00:10:19,744 - 左拾月.平台适配器 - INFO - 处理系统命令: set_volume, 参数: {'level': 26}
2025-03-17 00:10:19,744 - 左拾月.平台适配器 - ERROR - 缺少pycaw库，无法控制Windows音量
2025-03-17 00:10:19,748 - 左拾月.平台适配器 - INFO - 处理系统命令: set_volume, 参数: {'level': 26}
2025-03-17 00:10:19,748 - 左拾月.平台适配器 - ERROR - 缺少pycaw库，无法控制Windows音量
2025-03-17 00:10:19,752 - 左拾月.平台适配器 - INFO - 处理系统命令: set_volume, 参数: {'level': 26}
2025-03-17 00:10:19,753 - 左拾月.平台适配器 - ERROR - 缺少pycaw库，无法控制Windows音量
2025-03-17 00:10:19,757 - 左拾月.平台适配器 - INFO - 处理系统命令: set_volume, 参数: {'level': 26}
2025-03-17 00:10:19,758 - 左拾月.平台适配器 - ERROR - 缺少pycaw库，无法控制Windows音量
2025-03-17 00:10:19,762 - 左拾月.平台适配器 - INFO - 处理系统命令: set_volume, 参数: {'level': 25}
2025-03-17 00:10:19,763 - 左拾月.平台适配器 - ERROR - 缺少pycaw库，无法控制Windows音量
2025-03-17 00:10:19,767 - 左拾月.平台适配器 - INFO - 处理系统命令: set_volume, 参数: {'level': 25}
2025-03-17 00:10:19,767 - 左拾月.平台适配器 - ERROR - 缺少pycaw库，无法控制Windows音量
2025-03-17 00:10:19,771 - 左拾月.平台适配器 - INFO - 处理系统命令: set_volume, 参数: {'level': 25}
2025-03-17 00:10:19,771 - 左拾月.平台适配器 - ERROR - 缺少pycaw库，无法控制Windows音量
2025-03-17 00:10:19,775 - 左拾月.平台适配器 - INFO - 处理系统命令: set_volume, 参数: {'level': 25}
2025-03-17 00:10:19,776 - 左拾月.平台适配器 - ERROR - 缺少pycaw库，无法控制Windows音量
2025-03-17 00:10:19,780 - 左拾月.平台适配器 - INFO - 处理系统命令: set_volume, 参数: {'level': 24}
2025-03-17 00:10:19,780 - 左拾月.平台适配器 - ERROR - 缺少pycaw库，无法控制Windows音量
2025-03-17 00:10:19,784 - 左拾月.平台适配器 - INFO - 处理系统命令: set_volume, 参数: {'level': 24}
2025-03-17 00:10:19,784 - 左拾月.平台适配器 - ERROR - 缺少pycaw库，无法控制Windows音量
2025-03-17 00:10:19,789 - 左拾月.平台适配器 - INFO - 处理系统命令: set_volume, 参数: {'level': 24}
2025-03-17 00:10:19,789 - 左拾月.平台适配器 - ERROR - 缺少pycaw库，无法控制Windows音量
2025-03-17 00:10:19,801 - 左拾月.平台适配器 - INFO - 处理系统命令: set_volume, 参数: {'level': 24}
2025-03-17 00:10:19,802 - 左拾月.平台适配器 - ERROR - 缺少pycaw库，无法控制Windows音量
2025-03-17 00:10:19,809 - 左拾月.平台适配器 - INFO - 处理系统命令: set_volume, 参数: {'level': 24}
2025-03-17 00:10:19,809 - 左拾月.平台适配器 - ERROR - 缺少pycaw库，无法控制Windows音量
2025-03-17 00:10:19,813 - 左拾月.平台适配器 - INFO - 处理系统命令: set_volume, 参数: {'level': 23}
2025-03-17 00:10:19,814 - 左拾月.平台适配器 - ERROR - 缺少pycaw库，无法控制Windows音量
2025-03-17 00:10:19,830 - 左拾月.平台适配器 - INFO - 处理系统命令: set_volume, 参数: {'level': 23}
2025-03-17 00:10:19,830 - 左拾月.平台适配器 - ERROR - 缺少pycaw库，无法控制Windows音量
2025-03-17 00:10:19,834 - 左拾月.平台适配器 - INFO - 处理系统命令: set_volume, 参数: {'level': 23}
2025-03-17 00:10:19,835 - 左拾月.平台适配器 - ERROR - 缺少pycaw库，无法控制Windows音量
2025-03-17 00:10:19,841 - 左拾月.平台适配器 - INFO - 处理系统命令: set_volume, 参数: {'level': 23}
2025-03-17 00:10:19,842 - 左拾月.平台适配器 - ERROR - 缺少pycaw库，无法控制Windows音量
2025-03-17 00:10:19,846 - 左拾月.平台适配器 - INFO - 处理系统命令: set_volume, 参数: {'level': 23}
2025-03-17 00:10:19,847 - 左拾月.平台适配器 - ERROR - 缺少pycaw库，无法控制Windows音量
2025-03-17 00:10:19,851 - 左拾月.平台适配器 - INFO - 处理系统命令: set_volume, 参数: {'level': 23}
2025-03-17 00:10:19,851 - 左拾月.平台适配器 - ERROR - 缺少pycaw库，无法控制Windows音量
2025-03-17 00:10:19,856 - 左拾月.平台适配器 - INFO - 处理系统命令: set_volume, 参数: {'level': 23}
2025-03-17 00:10:19,856 - 左拾月.平台适配器 - ERROR - 缺少pycaw库，无法控制Windows音量
2025-03-17 00:10:19,861 - 左拾月.平台适配器 - INFO - 处理系统命令: set_volume, 参数: {'level': 22}
2025-03-17 00:10:19,862 - 左拾月.平台适配器 - ERROR - 缺少pycaw库，无法控制Windows音量
2025-03-17 00:10:19,866 - 左拾月.平台适配器 - INFO - 处理系统命令: set_volume, 参数: {'level': 22}
2025-03-17 00:10:19,866 - 左拾月.平台适配器 - ERROR - 缺少pycaw库，无法控制Windows音量
2025-03-17 00:10:19,870 - 左拾月.平台适配器 - INFO - 处理系统命令: set_volume, 参数: {'level': 22}
2025-03-17 00:10:19,871 - 左拾月.平台适配器 - ERROR - 缺少pycaw库，无法控制Windows音量
2025-03-17 00:10:19,876 - 左拾月.平台适配器 - INFO - 处理系统命令: set_volume, 参数: {'level': 22}
2025-03-17 00:10:19,877 - 左拾月.平台适配器 - ERROR - 缺少pycaw库，无法控制Windows音量
2025-03-17 00:10:19,882 - 左拾月.平台适配器 - INFO - 处理系统命令: set_volume, 参数: {'level': 22}
2025-03-17 00:10:19,882 - 左拾月.平台适配器 - ERROR - 缺少pycaw库，无法控制Windows音量
2025-03-17 00:10:19,886 - 左拾月.平台适配器 - INFO - 处理系统命令: set_volume, 参数: {'level': 21}
2025-03-17 00:10:19,886 - 左拾月.平台适配器 - ERROR - 缺少pycaw库，无法控制Windows音量
2025-03-17 00:10:19,891 - 左拾月.平台适配器 - INFO - 处理系统命令: set_volume, 参数: {'level': 21}
2025-03-17 00:10:19,891 - 左拾月.平台适配器 - ERROR - 缺少pycaw库，无法控制Windows音量
2025-03-17 00:10:19,895 - 左拾月.平台适配器 - INFO - 处理系统命令: set_volume, 参数: {'level': 21}
2025-03-17 00:10:19,896 - 左拾月.平台适配器 - ERROR - 缺少pycaw库，无法控制Windows音量
2025-03-17 00:10:19,900 - 左拾月.平台适配器 - INFO - 处理系统命令: set_volume, 参数: {'level': 21}
2025-03-17 00:10:19,900 - 左拾月.平台适配器 - ERROR - 缺少pycaw库，无法控制Windows音量
2025-03-17 00:10:19,908 - 左拾月.平台适配器 - INFO - 处理系统命令: set_volume, 参数: {'level': 21}
2025-03-17 00:10:19,908 - 左拾月.平台适配器 - ERROR - 缺少pycaw库，无法控制Windows音量
2025-03-17 00:10:19,912 - 左拾月.平台适配器 - INFO - 处理系统命令: set_volume, 参数: {'level': 20}
2025-03-17 00:10:19,912 - 左拾月.平台适配器 - ERROR - 缺少pycaw库，无法控制Windows音量
2025-03-17 00:10:19,925 - 左拾月.平台适配器 - INFO - 处理系统命令: set_volume, 参数: {'level': 20}
2025-03-17 00:10:19,925 - 左拾月.平台适配器 - ERROR - 缺少pycaw库，无法控制Windows音量
2025-03-17 00:10:19,931 - 左拾月.平台适配器 - INFO - 处理系统命令: set_volume, 参数: {'level': 20}
2025-03-17 00:10:19,932 - 左拾月.平台适配器 - ERROR - 缺少pycaw库，无法控制Windows音量
2025-03-17 00:10:19,941 - 左拾月.平台适配器 - INFO - 处理系统命令: set_volume, 参数: {'level': 20}
2025-03-17 00:10:19,941 - 左拾月.平台适配器 - ERROR - 缺少pycaw库，无法控制Windows音量
2025-03-17 00:10:19,947 - 左拾月.平台适配器 - INFO - 处理系统命令: set_volume, 参数: {'level': 20}
2025-03-17 00:10:19,948 - 左拾月.平台适配器 - ERROR - 缺少pycaw库，无法控制Windows音量
2025-03-17 00:10:19,952 - 左拾月.平台适配器 - INFO - 处理系统命令: set_volume, 参数: {'level': 20}
2025-03-17 00:10:19,952 - 左拾月.平台适配器 - ERROR - 缺少pycaw库，无法控制Windows音量
2025-03-17 00:10:19,956 - 左拾月.平台适配器 - INFO - 处理系统命令: set_volume, 参数: {'level': 19}
2025-03-17 00:10:19,957 - 左拾月.平台适配器 - ERROR - 缺少pycaw库，无法控制Windows音量
2025-03-17 00:10:19,961 - 左拾月.平台适配器 - INFO - 处理系统命令: set_volume, 参数: {'level': 19}
2025-03-17 00:10:19,962 - 左拾月.平台适配器 - ERROR - 缺少pycaw库，无法控制Windows音量
2025-03-17 00:10:19,966 - 左拾月.平台适配器 - INFO - 处理系统命令: set_volume, 参数: {'level': 19}
2025-03-17 00:10:19,967 - 左拾月.平台适配器 - ERROR - 缺少pycaw库，无法控制Windows音量
2025-03-17 00:10:19,973 - 左拾月.平台适配器 - INFO - 处理系统命令: set_volume, 参数: {'level': 19}
2025-03-17 00:10:19,973 - 左拾月.平台适配器 - ERROR - 缺少pycaw库，无法控制Windows音量
2025-03-17 00:10:19,977 - 左拾月.平台适配器 - INFO - 处理系统命令: set_volume, 参数: {'level': 19}
2025-03-17 00:10:19,978 - 左拾月.平台适配器 - ERROR - 缺少pycaw库，无法控制Windows音量
2025-03-17 00:10:19,990 - 左拾月.平台适配器 - INFO - 处理系统命令: set_volume, 参数: {'level': 19}
2025-03-17 00:10:19,990 - 左拾月.平台适配器 - ERROR - 缺少pycaw库，无法控制Windows音量
2025-03-17 00:10:19,997 - 左拾月.平台适配器 - INFO - 处理系统命令: set_volume, 参数: {'level': 18}
2025-03-17 00:10:19,997 - 左拾月.平台适配器 - ERROR - 缺少pycaw库，无法控制Windows音量
2025-03-17 00:10:20,004 - 左拾月.平台适配器 - INFO - 处理系统命令: set_volume, 参数: {'level': 18}
2025-03-17 00:10:20,005 - 左拾月.平台适配器 - ERROR - 缺少pycaw库，无法控制Windows音量
2025-03-17 00:10:20,009 - 左拾月.平台适配器 - INFO - 处理系统命令: set_volume, 参数: {'level': 18}
2025-03-17 00:10:20,009 - 左拾月.平台适配器 - ERROR - 缺少pycaw库，无法控制Windows音量
2025-03-17 00:10:20,014 - 左拾月.平台适配器 - INFO - 处理系统命令: set_volume, 参数: {'level': 18}
2025-03-17 00:10:20,014 - 左拾月.平台适配器 - ERROR - 缺少pycaw库，无法控制Windows音量
2025-03-17 00:10:20,018 - 左拾月.平台适配器 - INFO - 处理系统命令: set_volume, 参数: {'level': 18}
2025-03-17 00:10:20,019 - 左拾月.平台适配器 - ERROR - 缺少pycaw库，无法控制Windows音量
2025-03-17 00:10:20,023 - 左拾月.平台适配器 - INFO - 处理系统命令: set_volume, 参数: {'level': 18}
2025-03-17 00:10:20,023 - 左拾月.平台适配器 - ERROR - 缺少pycaw库，无法控制Windows音量
2025-03-17 00:10:20,031 - 左拾月.平台适配器 - INFO - 处理系统命令: set_volume, 参数: {'level': 17}
2025-03-17 00:10:20,032 - 左拾月.平台适配器 - ERROR - 缺少pycaw库，无法控制Windows音量
2025-03-17 00:10:20,040 - 左拾月.平台适配器 - INFO - 处理系统命令: set_volume, 参数: {'level': 17}
2025-03-17 00:10:20,040 - 左拾月.平台适配器 - ERROR - 缺少pycaw库，无法控制Windows音量
2025-03-17 00:10:20,055 - 左拾月.平台适配器 - INFO - 处理系统命令: set_volume, 参数: {'level': 17}
2025-03-17 00:10:20,055 - 左拾月.平台适配器 - ERROR - 缺少pycaw库，无法控制Windows音量
2025-03-17 00:10:20,148 - 左拾月.平台适配器 - INFO - 处理系统命令: set_volume, 参数: {'level': 17}
2025-03-17 00:10:20,148 - 左拾月.平台适配器 - ERROR - 缺少pycaw库，无法控制Windows音量
2025-03-17 00:10:20,156 - 左拾月.平台适配器 - INFO - 处理系统命令: set_volume, 参数: {'level': 17}
2025-03-17 00:10:20,156 - 左拾月.平台适配器 - ERROR - 缺少pycaw库，无法控制Windows音量
2025-03-17 00:10:20,160 - 左拾月.平台适配器 - INFO - 处理系统命令: set_volume, 参数: {'level': 17}
2025-03-17 00:10:20,160 - 左拾月.平台适配器 - ERROR - 缺少pycaw库，无法控制Windows音量
2025-03-17 00:10:20,164 - 左拾月.平台适配器 - INFO - 处理系统命令: set_volume, 参数: {'level': 16}
2025-03-17 00:10:20,164 - 左拾月.平台适配器 - ERROR - 缺少pycaw库，无法控制Windows音量
2025-03-17 00:10:20,168 - 左拾月.平台适配器 - INFO - 处理系统命令: set_volume, 参数: {'level': 16}
2025-03-17 00:10:20,169 - 左拾月.平台适配器 - ERROR - 缺少pycaw库，无法控制Windows音量
2025-03-17 00:10:20,173 - 左拾月.平台适配器 - INFO - 处理系统命令: set_volume, 参数: {'level': 16}
2025-03-17 00:10:20,173 - 左拾月.平台适配器 - ERROR - 缺少pycaw库，无法控制Windows音量
2025-03-17 00:10:20,181 - 左拾月.平台适配器 - INFO - 处理系统命令: set_volume, 参数: {'level': 16}
2025-03-17 00:10:20,181 - 左拾月.平台适配器 - ERROR - 缺少pycaw库，无法控制Windows音量
2025-03-17 00:10:20,201 - 左拾月.平台适配器 - INFO - 处理系统命令: set_volume, 参数: {'level': 16}
2025-03-17 00:10:20,202 - 左拾月.平台适配器 - ERROR - 缺少pycaw库，无法控制Windows音量
2025-03-17 00:10:20,249 - 左拾月.平台适配器 - INFO - 处理系统命令: set_volume, 参数: {'level': 16}
2025-03-17 00:10:20,250 - 左拾月.平台适配器 - ERROR - 缺少pycaw库，无法控制Windows音量
2025-03-17 00:10:20,256 - 左拾月.平台适配器 - INFO - 处理系统命令: set_volume, 参数: {'level': 15}
2025-03-17 00:10:20,256 - 左拾月.平台适配器 - ERROR - 缺少pycaw库，无法控制Windows音量
2025-03-17 00:10:20,260 - 左拾月.平台适配器 - INFO - 处理系统命令: set_volume, 参数: {'level': 15}
2025-03-17 00:10:20,261 - 左拾月.平台适配器 - ERROR - 缺少pycaw库，无法控制Windows音量
2025-03-17 00:10:20,265 - 左拾月.平台适配器 - INFO - 处理系统命令: set_volume, 参数: {'level': 15}
2025-03-17 00:10:20,265 - 左拾月.平台适配器 - ERROR - 缺少pycaw库，无法控制Windows音量
2025-03-17 00:10:20,269 - 左拾月.平台适配器 - INFO - 处理系统命令: set_volume, 参数: {'level': 15}
2025-03-17 00:10:20,269 - 左拾月.平台适配器 - ERROR - 缺少pycaw库，无法控制Windows音量
2025-03-17 00:10:20,273 - 左拾月.平台适配器 - INFO - 处理系统命令: set_volume, 参数: {'level': 15}
2025-03-17 00:10:20,273 - 左拾月.平台适配器 - ERROR - 缺少pycaw库，无法控制Windows音量
2025-03-17 00:10:20,279 - 左拾月.平台适配器 - INFO - 处理系统命令: set_volume, 参数: {'level': 15}
2025-03-17 00:10:20,280 - 左拾月.平台适配器 - ERROR - 缺少pycaw库，无法控制Windows音量
2025-03-17 00:10:20,286 - 左拾月.平台适配器 - INFO - 处理系统命令: set_volume, 参数: {'level': 15}
2025-03-17 00:10:20,287 - 左拾月.平台适配器 - ERROR - 缺少pycaw库，无法控制Windows音量
2025-03-17 00:10:20,306 - 左拾月.平台适配器 - INFO - 处理系统命令: set_volume, 参数: {'level': 15}
2025-03-17 00:10:20,307 - 左拾月.平台适配器 - ERROR - 缺少pycaw库，无法控制Windows音量
2025-03-17 00:10:20,443 - 左拾月.平台适配器 - INFO - 处理系统命令: set_volume, 参数: {'level': 14}
2025-03-17 00:10:20,444 - 左拾月.平台适配器 - ERROR - 缺少pycaw库，无法控制Windows音量
2025-03-17 00:10:20,449 - 左拾月.平台适配器 - INFO - 处理系统命令: set_volume, 参数: {'level': 14}
2025-03-17 00:10:20,450 - 左拾月.平台适配器 - ERROR - 缺少pycaw库，无法控制Windows音量
2025-03-17 00:10:20,455 - 左拾月.平台适配器 - INFO - 处理系统命令: set_volume, 参数: {'level': 14}
2025-03-17 00:10:20,456 - 左拾月.平台适配器 - ERROR - 缺少pycaw库，无法控制Windows音量
2025-03-17 00:10:20,461 - 左拾月.平台适配器 - INFO - 处理系统命令: set_volume, 参数: {'level': 14}
2025-03-17 00:10:20,462 - 左拾月.平台适配器 - ERROR - 缺少pycaw库，无法控制Windows音量
2025-03-17 00:10:20,467 - 左拾月.平台适配器 - INFO - 处理系统命令: set_volume, 参数: {'level': 14}
2025-03-17 00:10:20,468 - 左拾月.平台适配器 - ERROR - 缺少pycaw库，无法控制Windows音量
2025-03-17 00:10:20,474 - 左拾月.平台适配器 - INFO - 处理系统命令: set_volume, 参数: {'level': 13}
2025-03-17 00:10:20,475 - 左拾月.平台适配器 - ERROR - 缺少pycaw库，无法控制Windows音量
2025-03-17 00:10:20,480 - 左拾月.平台适配器 - INFO - 处理系统命令: set_volume, 参数: {'level': 13}
2025-03-17 00:10:20,480 - 左拾月.平台适配器 - ERROR - 缺少pycaw库，无法控制Windows音量
2025-03-17 00:10:20,484 - 左拾月.平台适配器 - INFO - 处理系统命令: set_volume, 参数: {'level': 13}
2025-03-17 00:10:20,485 - 左拾月.平台适配器 - ERROR - 缺少pycaw库，无法控制Windows音量
2025-03-17 00:10:20,503 - 左拾月.平台适配器 - INFO - 处理系统命令: set_volume, 参数: {'level': 13}
2025-03-17 00:10:20,504 - 左拾月.平台适配器 - ERROR - 缺少pycaw库，无法控制Windows音量
2025-03-17 00:10:20,548 - 左拾月.平台适配器 - INFO - 处理系统命令: set_volume, 参数: {'level': 13}
2025-03-17 00:10:20,548 - 左拾月.平台适配器 - ERROR - 缺少pycaw库，无法控制Windows音量
2025-03-17 00:10:20,556 - 左拾月.平台适配器 - INFO - 处理系统命令: set_volume, 参数: {'level': 13}
2025-03-17 00:10:20,556 - 左拾月.平台适配器 - ERROR - 缺少pycaw库，无法控制Windows音量
2025-03-17 00:10:20,560 - 左拾月.平台适配器 - INFO - 处理系统命令: set_volume, 参数: {'level': 12}
2025-03-17 00:10:20,561 - 左拾月.平台适配器 - ERROR - 缺少pycaw库，无法控制Windows音量
2025-03-17 00:10:20,564 - 左拾月.平台适配器 - INFO - 处理系统命令: set_volume, 参数: {'level': 12}
2025-03-17 00:10:20,565 - 左拾月.平台适配器 - ERROR - 缺少pycaw库，无法控制Windows音量
2025-03-17 00:10:20,572 - 左拾月.平台适配器 - INFO - 处理系统命令: set_volume, 参数: {'level': 12}
2025-03-17 00:10:20,573 - 左拾月.平台适配器 - ERROR - 缺少pycaw库，无法控制Windows音量
2025-03-17 00:10:20,597 - 左拾月.平台适配器 - INFO - 处理系统命令: set_volume, 参数: {'level': 12}
2025-03-17 00:10:20,597 - 左拾月.平台适配器 - ERROR - 缺少pycaw库，无法控制Windows音量
2025-03-17 00:10:20,677 - 左拾月.平台适配器 - INFO - 处理系统命令: set_volume, 参数: {'level': 12}
2025-03-17 00:10:20,677 - 左拾月.平台适配器 - ERROR - 缺少pycaw库，无法控制Windows音量
2025-03-17 00:10:20,681 - 左拾月.平台适配器 - INFO - 处理系统命令: set_volume, 参数: {'level': 12}
2025-03-17 00:10:20,681 - 左拾月.平台适配器 - ERROR - 缺少pycaw库，无法控制Windows音量
2025-03-17 00:10:20,687 - 左拾月.平台适配器 - INFO - 处理系统命令: set_volume, 参数: {'level': 12}
2025-03-17 00:10:20,688 - 左拾月.平台适配器 - ERROR - 缺少pycaw库，无法控制Windows音量
2025-03-17 00:10:20,696 - 左拾月.平台适配器 - INFO - 处理系统命令: set_volume, 参数: {'level': 11}
2025-03-17 00:10:20,696 - 左拾月.平台适配器 - ERROR - 缺少pycaw库，无法控制Windows音量
2025-03-17 00:10:20,703 - 左拾月.平台适配器 - INFO - 处理系统命令: set_volume, 参数: {'level': 11}
2025-03-17 00:10:20,704 - 左拾月.平台适配器 - ERROR - 缺少pycaw库，无法控制Windows音量
2025-03-17 00:10:20,710 - 左拾月.平台适配器 - INFO - 处理系统命令: set_volume, 参数: {'level': 11}
2025-03-17 00:10:20,710 - 左拾月.平台适配器 - ERROR - 缺少pycaw库，无法控制Windows音量
2025-03-17 00:10:20,714 - 左拾月.平台适配器 - INFO - 处理系统命令: set_volume, 参数: {'level': 11}
2025-03-17 00:10:20,714 - 左拾月.平台适配器 - ERROR - 缺少pycaw库，无法控制Windows音量
2025-03-17 00:10:20,767 - 左拾月.平台适配器 - INFO - 处理系统命令: set_volume, 参数: {'level': 11}
2025-03-17 00:10:20,768 - 左拾月.平台适配器 - ERROR - 缺少pycaw库，无法控制Windows音量
2025-03-17 00:10:20,780 - 左拾月.平台适配器 - INFO - 处理系统命令: set_volume, 参数: {'level': 11}
2025-03-17 00:10:20,780 - 左拾月.平台适配器 - ERROR - 缺少pycaw库，无法控制Windows音量
2025-03-17 00:10:20,788 - 左拾月.平台适配器 - INFO - 处理系统命令: set_volume, 参数: {'level': 10}
2025-03-17 00:10:20,788 - 左拾月.平台适配器 - ERROR - 缺少pycaw库，无法控制Windows音量
2025-03-17 00:10:20,792 - 左拾月.平台适配器 - INFO - 处理系统命令: set_volume, 参数: {'level': 10}
2025-03-17 00:10:20,792 - 左拾月.平台适配器 - ERROR - 缺少pycaw库，无法控制Windows音量
2025-03-17 00:10:20,796 - 左拾月.平台适配器 - INFO - 处理系统命令: set_volume, 参数: {'level': 10}
2025-03-17 00:10:20,797 - 左拾月.平台适配器 - ERROR - 缺少pycaw库，无法控制Windows音量
2025-03-17 00:10:20,825 - 左拾月.平台适配器 - INFO - 处理系统命令: set_volume, 参数: {'level': 10}
2025-03-17 00:10:20,825 - 左拾月.平台适配器 - ERROR - 缺少pycaw库，无法控制Windows音量
2025-03-17 00:10:20,845 - 左拾月.平台适配器 - INFO - 处理系统命令: set_volume, 参数: {'level': 10}
2025-03-17 00:10:20,845 - 左拾月.平台适配器 - ERROR - 缺少pycaw库，无法控制Windows音量
2025-03-17 00:10:20,851 - 左拾月.平台适配器 - INFO - 处理系统命令: set_volume, 参数: {'level': 10}
2025-03-17 00:10:20,852 - 左拾月.平台适配器 - ERROR - 缺少pycaw库，无法控制Windows音量
2025-03-17 00:10:20,887 - 左拾月.平台适配器 - INFO - 处理系统命令: set_volume, 参数: {'level': 10}
2025-03-17 00:10:20,887 - 左拾月.平台适配器 - ERROR - 缺少pycaw库，无法控制Windows音量
2025-03-17 00:10:20,920 - 左拾月.平台适配器 - INFO - 处理系统命令: set_volume, 参数: {'level': 10}
2025-03-17 00:10:20,921 - 左拾月.平台适配器 - ERROR - 缺少pycaw库，无法控制Windows音量
2025-03-17 00:10:21,995 - 左拾月.平台适配器 - INFO - 处理系统命令: set_volume, 参数: {'level': 10}
2025-03-17 00:10:21,995 - 左拾月.平台适配器 - ERROR - 缺少pycaw库，无法控制Windows音量
2025-03-17 00:10:22,000 - 左拾月.平台适配器 - INFO - 处理系统命令: set_volume, 参数: {'level': 10}
2025-03-17 00:10:22,001 - 左拾月.平台适配器 - ERROR - 缺少pycaw库，无法控制Windows音量
2025-03-17 00:10:22,005 - 左拾月.平台适配器 - INFO - 处理系统命令: set_volume, 参数: {'level': 10}
2025-03-17 00:10:22,005 - 左拾月.平台适配器 - ERROR - 缺少pycaw库，无法控制Windows音量
2025-03-17 00:10:22,009 - 左拾月.平台适配器 - INFO - 处理系统命令: set_volume, 参数: {'level': 11}
2025-03-17 00:10:22,009 - 左拾月.平台适配器 - ERROR - 缺少pycaw库，无法控制Windows音量
2025-03-17 00:10:22,014 - 左拾月.平台适配器 - INFO - 处理系统命令: set_volume, 参数: {'level': 11}
2025-03-17 00:10:22,014 - 左拾月.平台适配器 - ERROR - 缺少pycaw库，无法控制Windows音量
2025-03-17 00:10:22,018 - 左拾月.平台适配器 - INFO - 处理系统命令: set_volume, 参数: {'level': 11}
2025-03-17 00:10:22,018 - 左拾月.平台适配器 - ERROR - 缺少pycaw库，无法控制Windows音量
2025-03-17 00:10:22,022 - 左拾月.平台适配器 - INFO - 处理系统命令: set_volume, 参数: {'level': 12}
2025-03-17 00:10:22,023 - 左拾月.平台适配器 - ERROR - 缺少pycaw库，无法控制Windows音量
2025-03-17 00:10:22,027 - 左拾月.平台适配器 - INFO - 处理系统命令: set_volume, 参数: {'level': 12}
2025-03-17 00:10:22,027 - 左拾月.平台适配器 - ERROR - 缺少pycaw库，无法控制Windows音量
2025-03-17 00:10:22,031 - 左拾月.平台适配器 - INFO - 处理系统命令: set_volume, 参数: {'level': 13}
2025-03-17 00:10:22,032 - 左拾月.平台适配器 - ERROR - 缺少pycaw库，无法控制Windows音量
2025-03-17 00:10:22,035 - 左拾月.平台适配器 - INFO - 处理系统命令: set_volume, 参数: {'level': 13}
2025-03-17 00:10:22,036 - 左拾月.平台适配器 - ERROR - 缺少pycaw库，无法控制Windows音量
2025-03-17 00:10:22,040 - 左拾月.平台适配器 - INFO - 处理系统命令: set_volume, 参数: {'level': 14}
2025-03-17 00:10:22,040 - 左拾月.平台适配器 - ERROR - 缺少pycaw库，无法控制Windows音量
2025-03-17 00:10:22,044 - 左拾月.平台适配器 - INFO - 处理系统命令: set_volume, 参数: {'level': 14}
2025-03-17 00:10:22,045 - 左拾月.平台适配器 - ERROR - 缺少pycaw库，无法控制Windows音量
2025-03-17 00:10:22,049 - 左拾月.平台适配器 - INFO - 处理系统命令: set_volume, 参数: {'level': 15}
2025-03-17 00:10:22,049 - 左拾月.平台适配器 - ERROR - 缺少pycaw库，无法控制Windows音量
2025-03-17 00:10:22,054 - 左拾月.平台适配器 - INFO - 处理系统命令: set_volume, 参数: {'level': 16}
2025-03-17 00:10:22,055 - 左拾月.平台适配器 - ERROR - 缺少pycaw库，无法控制Windows音量
2025-03-17 00:10:22,059 - 左拾月.平台适配器 - INFO - 处理系统命令: set_volume, 参数: {'level': 17}
2025-03-17 00:10:22,059 - 左拾月.平台适配器 - ERROR - 缺少pycaw库，无法控制Windows音量
2025-03-17 00:10:22,065 - 左拾月.平台适配器 - INFO - 处理系统命令: set_volume, 参数: {'level': 18}
2025-03-17 00:10:22,065 - 左拾月.平台适配器 - ERROR - 缺少pycaw库，无法控制Windows音量
2025-03-17 00:10:22,070 - 左拾月.平台适配器 - INFO - 处理系统命令: set_volume, 参数: {'level': 20}
2025-03-17 00:10:22,070 - 左拾月.平台适配器 - ERROR - 缺少pycaw库，无法控制Windows音量
2025-03-17 00:10:22,075 - 左拾月.平台适配器 - INFO - 处理系统命令: set_volume, 参数: {'level': 21}
2025-03-17 00:10:22,075 - 左拾月.平台适配器 - ERROR - 缺少pycaw库，无法控制Windows音量
2025-03-17 00:10:22,080 - 左拾月.平台适配器 - INFO - 处理系统命令: set_volume, 参数: {'level': 23}
2025-03-17 00:10:22,081 - 左拾月.平台适配器 - ERROR - 缺少pycaw库，无法控制Windows音量
2025-03-17 00:10:22,086 - 左拾月.平台适配器 - INFO - 处理系统命令: set_volume, 参数: {'level': 24}
2025-03-17 00:10:22,086 - 左拾月.平台适配器 - ERROR - 缺少pycaw库，无法控制Windows音量
2025-03-17 00:10:22,091 - 左拾月.平台适配器 - INFO - 处理系统命令: set_volume, 参数: {'level': 25}
2025-03-17 00:10:22,091 - 左拾月.平台适配器 - ERROR - 缺少pycaw库，无法控制Windows音量
2025-03-17 00:10:22,096 - 左拾月.平台适配器 - INFO - 处理系统命令: set_volume, 参数: {'level': 26}
2025-03-17 00:10:22,097 - 左拾月.平台适配器 - ERROR - 缺少pycaw库，无法控制Windows音量
2025-03-17 00:10:22,101 - 左拾月.平台适配器 - INFO - 处理系统命令: set_volume, 参数: {'level': 27}
2025-03-17 00:10:22,101 - 左拾月.平台适配器 - ERROR - 缺少pycaw库，无法控制Windows音量
2025-03-17 00:10:22,105 - 左拾月.平台适配器 - INFO - 处理系统命令: set_volume, 参数: {'level': 27}
2025-03-17 00:10:22,106 - 左拾月.平台适配器 - ERROR - 缺少pycaw库，无法控制Windows音量
2025-03-17 00:10:22,110 - 左拾月.平台适配器 - INFO - 处理系统命令: set_volume, 参数: {'level': 27}
2025-03-17 00:10:22,111 - 左拾月.平台适配器 - ERROR - 缺少pycaw库，无法控制Windows音量
2025-03-17 00:10:22,115 - 左拾月.平台适配器 - INFO - 处理系统命令: set_volume, 参数: {'level': 28}
2025-03-17 00:10:22,115 - 左拾月.平台适配器 - ERROR - 缺少pycaw库，无法控制Windows音量
2025-03-17 00:10:22,119 - 左拾月.平台适配器 - INFO - 处理系统命令: set_volume, 参数: {'level': 28}
2025-03-17 00:10:22,120 - 左拾月.平台适配器 - ERROR - 缺少pycaw库，无法控制Windows音量
2025-03-17 00:10:22,124 - 左拾月.平台适配器 - INFO - 处理系统命令: set_volume, 参数: {'level': 28}
2025-03-17 00:10:22,125 - 左拾月.平台适配器 - ERROR - 缺少pycaw库，无法控制Windows音量
2025-03-17 00:10:22,129 - 左拾月.平台适配器 - INFO - 处理系统命令: set_volume, 参数: {'level': 28}
2025-03-17 00:10:22,130 - 左拾月.平台适配器 - ERROR - 缺少pycaw库，无法控制Windows音量
2025-03-17 00:10:22,134 - 左拾月.平台适配器 - INFO - 处理系统命令: set_volume, 参数: {'level': 28}
2025-03-17 00:10:22,134 - 左拾月.平台适配器 - ERROR - 缺少pycaw库，无法控制Windows音量
2025-03-17 00:10:22,137 - 左拾月.平台适配器 - INFO - 处理系统命令: set_volume, 参数: {'level': 29}
2025-03-17 00:10:22,138 - 左拾月.平台适配器 - ERROR - 缺少pycaw库，无法控制Windows音量
2025-03-17 00:10:22,142 - 左拾月.平台适配器 - INFO - 处理系统命令: set_volume, 参数: {'level': 29}
2025-03-17 00:10:22,143 - 左拾月.平台适配器 - ERROR - 缺少pycaw库，无法控制Windows音量
2025-03-17 00:10:22,146 - 左拾月.平台适配器 - INFO - 处理系统命令: set_volume, 参数: {'level': 29}
2025-03-17 00:10:22,147 - 左拾月.平台适配器 - ERROR - 缺少pycaw库，无法控制Windows音量
2025-03-17 00:10:22,151 - 左拾月.平台适配器 - INFO - 处理系统命令: set_volume, 参数: {'level': 29}
2025-03-17 00:10:22,151 - 左拾月.平台适配器 - ERROR - 缺少pycaw库，无法控制Windows音量
2025-03-17 00:10:22,155 - 左拾月.平台适配器 - INFO - 处理系统命令: set_volume, 参数: {'level': 29}
2025-03-17 00:10:22,155 - 左拾月.平台适配器 - ERROR - 缺少pycaw库，无法控制Windows音量
2025-03-17 00:10:22,159 - 左拾月.平台适配器 - INFO - 处理系统命令: set_volume, 参数: {'level': 30}
2025-03-17 00:10:22,160 - 左拾月.平台适配器 - ERROR - 缺少pycaw库，无法控制Windows音量
2025-03-17 00:10:22,164 - 左拾月.平台适配器 - INFO - 处理系统命令: set_volume, 参数: {'level': 30}
2025-03-17 00:10:22,165 - 左拾月.平台适配器 - ERROR - 缺少pycaw库，无法控制Windows音量
2025-03-17 00:10:22,169 - 左拾月.平台适配器 - INFO - 处理系统命令: set_volume, 参数: {'level': 31}
2025-03-17 00:10:22,169 - 左拾月.平台适配器 - ERROR - 缺少pycaw库，无法控制Windows音量
2025-03-17 00:10:22,173 - 左拾月.平台适配器 - INFO - 处理系统命令: set_volume, 参数: {'level': 31}
2025-03-17 00:10:22,174 - 左拾月.平台适配器 - ERROR - 缺少pycaw库，无法控制Windows音量
2025-03-17 00:10:22,178 - 左拾月.平台适配器 - INFO - 处理系统命令: set_volume, 参数: {'level': 32}
2025-03-17 00:10:22,178 - 左拾月.平台适配器 - ERROR - 缺少pycaw库，无法控制Windows音量
2025-03-17 00:10:22,182 - 左拾月.平台适配器 - INFO - 处理系统命令: set_volume, 参数: {'level': 32}
2025-03-17 00:10:22,182 - 左拾月.平台适配器 - ERROR - 缺少pycaw库，无法控制Windows音量
2025-03-17 00:10:22,186 - 左拾月.平台适配器 - INFO - 处理系统命令: set_volume, 参数: {'level': 33}
2025-03-17 00:10:22,187 - 左拾月.平台适配器 - ERROR - 缺少pycaw库，无法控制Windows音量
2025-03-17 00:10:22,191 - 左拾月.平台适配器 - INFO - 处理系统命令: set_volume, 参数: {'level': 33}
2025-03-17 00:10:22,191 - 左拾月.平台适配器 - ERROR - 缺少pycaw库，无法控制Windows音量
2025-03-17 00:10:22,195 - 左拾月.平台适配器 - INFO - 处理系统命令: set_volume, 参数: {'level': 34}
2025-03-17 00:10:22,196 - 左拾月.平台适配器 - ERROR - 缺少pycaw库，无法控制Windows音量
2025-03-17 00:10:22,200 - 左拾月.平台适配器 - INFO - 处理系统命令: set_volume, 参数: {'level': 34}
2025-03-17 00:10:22,200 - 左拾月.平台适配器 - ERROR - 缺少pycaw库，无法控制Windows音量
2025-03-17 00:10:22,204 - 左拾月.平台适配器 - INFO - 处理系统命令: set_volume, 参数: {'level': 34}
2025-03-17 00:10:22,204 - 左拾月.平台适配器 - ERROR - 缺少pycaw库，无法控制Windows音量
2025-03-17 00:10:22,208 - 左拾月.平台适配器 - INFO - 处理系统命令: set_volume, 参数: {'level': 35}
2025-03-17 00:10:22,209 - 左拾月.平台适配器 - ERROR - 缺少pycaw库，无法控制Windows音量
2025-03-17 00:10:22,213 - 左拾月.平台适配器 - INFO - 处理系统命令: set_volume, 参数: {'level': 35}
2025-03-17 00:10:22,213 - 左拾月.平台适配器 - ERROR - 缺少pycaw库，无法控制Windows音量
2025-03-17 00:10:22,217 - 左拾月.平台适配器 - INFO - 处理系统命令: set_volume, 参数: {'level': 35}
2025-03-17 00:10:22,218 - 左拾月.平台适配器 - ERROR - 缺少pycaw库，无法控制Windows音量
2025-03-17 00:10:22,222 - 左拾月.平台适配器 - INFO - 处理系统命令: set_volume, 参数: {'level': 35}
2025-03-17 00:10:22,222 - 左拾月.平台适配器 - ERROR - 缺少pycaw库，无法控制Windows音量
2025-03-17 00:10:22,227 - 左拾月.平台适配器 - INFO - 处理系统命令: set_volume, 参数: {'level': 36}
2025-03-17 00:10:22,227 - 左拾月.平台适配器 - ERROR - 缺少pycaw库，无法控制Windows音量
2025-03-17 00:10:22,231 - 左拾月.平台适配器 - INFO - 处理系统命令: set_volume, 参数: {'level': 36}
2025-03-17 00:10:22,232 - 左拾月.平台适配器 - ERROR - 缺少pycaw库，无法控制Windows音量
2025-03-17 00:10:22,235 - 左拾月.平台适配器 - INFO - 处理系统命令: set_volume, 参数: {'level': 36}
2025-03-17 00:10:22,236 - 左拾月.平台适配器 - ERROR - 缺少pycaw库，无法控制Windows音量
2025-03-17 00:10:22,240 - 左拾月.平台适配器 - INFO - 处理系统命令: set_volume, 参数: {'level': 37}
2025-03-17 00:10:22,240 - 左拾月.平台适配器 - ERROR - 缺少pycaw库，无法控制Windows音量
2025-03-17 00:10:22,244 - 左拾月.平台适配器 - INFO - 处理系统命令: set_volume, 参数: {'level': 37}
2025-03-17 00:10:22,244 - 左拾月.平台适配器 - ERROR - 缺少pycaw库，无法控制Windows音量
2025-03-17 00:10:22,249 - 左拾月.平台适配器 - INFO - 处理系统命令: set_volume, 参数: {'level': 38}
2025-03-17 00:10:22,249 - 左拾月.平台适配器 - ERROR - 缺少pycaw库，无法控制Windows音量
2025-03-17 00:10:22,253 - 左拾月.平台适配器 - INFO - 处理系统命令: set_volume, 参数: {'level': 38}
2025-03-17 00:10:22,253 - 左拾月.平台适配器 - ERROR - 缺少pycaw库，无法控制Windows音量
2025-03-17 00:10:22,258 - 左拾月.平台适配器 - INFO - 处理系统命令: set_volume, 参数: {'level': 39}
2025-03-17 00:10:22,258 - 左拾月.平台适配器 - ERROR - 缺少pycaw库，无法控制Windows音量
2025-03-17 00:10:22,262 - 左拾月.平台适配器 - INFO - 处理系统命令: set_volume, 参数: {'level': 39}
2025-03-17 00:10:22,262 - 左拾月.平台适配器 - ERROR - 缺少pycaw库，无法控制Windows音量
2025-03-17 00:10:22,266 - 左拾月.平台适配器 - INFO - 处理系统命令: set_volume, 参数: {'level': 40}
2025-03-17 00:10:22,267 - 左拾月.平台适配器 - ERROR - 缺少pycaw库，无法控制Windows音量
2025-03-17 00:10:22,270 - 左拾月.平台适配器 - INFO - 处理系统命令: set_volume, 参数: {'level': 40}
2025-03-17 00:10:22,271 - 左拾月.平台适配器 - ERROR - 缺少pycaw库，无法控制Windows音量
2025-03-17 00:10:22,275 - 左拾月.平台适配器 - INFO - 处理系统命令: set_volume, 参数: {'level': 41}
2025-03-17 00:10:22,275 - 左拾月.平台适配器 - ERROR - 缺少pycaw库，无法控制Windows音量
2025-03-17 00:10:22,279 - 左拾月.平台适配器 - INFO - 处理系统命令: set_volume, 参数: {'level': 41}
2025-03-17 00:10:22,279 - 左拾月.平台适配器 - ERROR - 缺少pycaw库，无法控制Windows音量
2025-03-17 00:10:22,283 - 左拾月.平台适配器 - INFO - 处理系统命令: set_volume, 参数: {'level': 41}
2025-03-17 00:10:22,283 - 左拾月.平台适配器 - ERROR - 缺少pycaw库，无法控制Windows音量
2025-03-17 00:10:22,287 - 左拾月.平台适配器 - INFO - 处理系统命令: set_volume, 参数: {'level': 42}
2025-03-17 00:10:22,288 - 左拾月.平台适配器 - ERROR - 缺少pycaw库，无法控制Windows音量
2025-03-17 00:10:22,292 - 左拾月.平台适配器 - INFO - 处理系统命令: set_volume, 参数: {'level': 42}
2025-03-17 00:10:22,292 - 左拾月.平台适配器 - ERROR - 缺少pycaw库，无法控制Windows音量
2025-03-17 00:10:22,298 - 左拾月.平台适配器 - INFO - 处理系统命令: set_volume, 参数: {'level': 42}
2025-03-17 00:10:22,299 - 左拾月.平台适配器 - ERROR - 缺少pycaw库，无法控制Windows音量
2025-03-17 00:10:22,306 - 左拾月.平台适配器 - INFO - 处理系统命令: set_volume, 参数: {'level': 42}
2025-03-17 00:10:22,306 - 左拾月.平台适配器 - ERROR - 缺少pycaw库，无法控制Windows音量
2025-03-17 00:10:22,312 - 左拾月.平台适配器 - INFO - 处理系统命令: set_volume, 参数: {'level': 42}
2025-03-17 00:10:22,312 - 左拾月.平台适配器 - ERROR - 缺少pycaw库，无法控制Windows音量
2025-03-17 00:10:22,316 - 左拾月.平台适配器 - INFO - 处理系统命令: set_volume, 参数: {'level': 43}
2025-03-17 00:10:22,316 - 左拾月.平台适配器 - ERROR - 缺少pycaw库，无法控制Windows音量
2025-03-17 00:10:22,321 - 左拾月.平台适配器 - INFO - 处理系统命令: set_volume, 参数: {'level': 43}
2025-03-17 00:10:22,322 - 左拾月.平台适配器 - ERROR - 缺少pycaw库，无法控制Windows音量
2025-03-17 00:10:22,328 - 左拾月.平台适配器 - INFO - 处理系统命令: set_volume, 参数: {'level': 43}
2025-03-17 00:10:22,329 - 左拾月.平台适配器 - ERROR - 缺少pycaw库，无法控制Windows音量
2025-03-17 00:10:22,335 - 左拾月.平台适配器 - INFO - 处理系统命令: set_volume, 参数: {'level': 43}
2025-03-17 00:10:22,336 - 左拾月.平台适配器 - ERROR - 缺少pycaw库，无法控制Windows音量
2025-03-17 00:10:22,340 - 左拾月.平台适配器 - INFO - 处理系统命令: set_volume, 参数: {'level': 43}
2025-03-17 00:10:22,340 - 左拾月.平台适配器 - ERROR - 缺少pycaw库，无法控制Windows音量
2025-03-17 00:10:22,344 - 左拾月.平台适配器 - INFO - 处理系统命令: set_volume, 参数: {'level': 44}
2025-03-17 00:10:22,344 - 左拾月.平台适配器 - ERROR - 缺少pycaw库，无法控制Windows音量
2025-03-17 00:10:22,348 - 左拾月.平台适配器 - INFO - 处理系统命令: set_volume, 参数: {'level': 44}
2025-03-17 00:10:22,348 - 左拾月.平台适配器 - ERROR - 缺少pycaw库，无法控制Windows音量
2025-03-17 00:10:22,352 - 左拾月.平台适配器 - INFO - 处理系统命令: set_volume, 参数: {'level': 44}
2025-03-17 00:10:22,353 - 左拾月.平台适配器 - ERROR - 缺少pycaw库，无法控制Windows音量
2025-03-17 00:10:22,357 - 左拾月.平台适配器 - INFO - 处理系统命令: set_volume, 参数: {'level': 45}
2025-03-17 00:10:22,357 - 左拾月.平台适配器 - ERROR - 缺少pycaw库，无法控制Windows音量
2025-03-17 00:10:22,361 - 左拾月.平台适配器 - INFO - 处理系统命令: set_volume, 参数: {'level': 45}
2025-03-17 00:10:22,361 - 左拾月.平台适配器 - ERROR - 缺少pycaw库，无法控制Windows音量
2025-03-17 00:10:22,365 - 左拾月.平台适配器 - INFO - 处理系统命令: set_volume, 参数: {'level': 46}
2025-03-17 00:10:22,366 - 左拾月.平台适配器 - ERROR - 缺少pycaw库，无法控制Windows音量
2025-03-17 00:10:22,369 - 左拾月.平台适配器 - INFO - 处理系统命令: set_volume, 参数: {'level': 46}
2025-03-17 00:10:22,370 - 左拾月.平台适配器 - ERROR - 缺少pycaw库，无法控制Windows音量
2025-03-17 00:10:22,374 - 左拾月.平台适配器 - INFO - 处理系统命令: set_volume, 参数: {'level': 47}
2025-03-17 00:10:22,375 - 左拾月.平台适配器 - ERROR - 缺少pycaw库，无法控制Windows音量
2025-03-17 00:10:22,378 - 左拾月.平台适配器 - INFO - 处理系统命令: set_volume, 参数: {'level': 47}
2025-03-17 00:10:22,379 - 左拾月.平台适配器 - ERROR - 缺少pycaw库，无法控制Windows音量
2025-03-17 00:10:22,383 - 左拾月.平台适配器 - INFO - 处理系统命令: set_volume, 参数: {'level': 48}
2025-03-17 00:10:22,383 - 左拾月.平台适配器 - ERROR - 缺少pycaw库，无法控制Windows音量
2025-03-17 00:10:22,387 - 左拾月.平台适配器 - INFO - 处理系统命令: set_volume, 参数: {'level': 48}
2025-03-17 00:10:22,388 - 左拾月.平台适配器 - ERROR - 缺少pycaw库，无法控制Windows音量
2025-03-17 00:10:22,392 - 左拾月.平台适配器 - INFO - 处理系统命令: set_volume, 参数: {'level': 48}
2025-03-17 00:10:22,393 - 左拾月.平台适配器 - ERROR - 缺少pycaw库，无法控制Windows音量
2025-03-17 00:10:22,397 - 左拾月.平台适配器 - INFO - 处理系统命令: set_volume, 参数: {'level': 48}
2025-03-17 00:10:22,398 - 左拾月.平台适配器 - ERROR - 缺少pycaw库，无法控制Windows音量
2025-03-17 00:10:22,401 - 左拾月.平台适配器 - INFO - 处理系统命令: set_volume, 参数: {'level': 49}
2025-03-17 00:10:22,402 - 左拾月.平台适配器 - ERROR - 缺少pycaw库，无法控制Windows音量
2025-03-17 00:10:22,414 - 左拾月.平台适配器 - INFO - 处理系统命令: set_volume, 参数: {'level': 49}
2025-03-17 00:10:22,414 - 左拾月.平台适配器 - ERROR - 缺少pycaw库，无法控制Windows音量
2025-03-17 00:10:22,419 - 左拾月.平台适配器 - INFO - 处理系统命令: set_volume, 参数: {'level': 49}
2025-03-17 00:10:22,420 - 左拾月.平台适配器 - ERROR - 缺少pycaw库，无法控制Windows音量
2025-03-17 00:10:22,424 - 左拾月.平台适配器 - INFO - 处理系统命令: set_volume, 参数: {'level': 49}
2025-03-17 00:10:22,425 - 左拾月.平台适配器 - ERROR - 缺少pycaw库，无法控制Windows音量
2025-03-17 00:10:22,429 - 左拾月.平台适配器 - INFO - 处理系统命令: set_volume, 参数: {'level': 49}
2025-03-17 00:10:22,429 - 左拾月.平台适配器 - ERROR - 缺少pycaw库，无法控制Windows音量
2025-03-17 00:10:22,434 - 左拾月.平台适配器 - INFO - 处理系统命令: set_volume, 参数: {'level': 49}
2025-03-17 00:10:22,435 - 左拾月.平台适配器 - ERROR - 缺少pycaw库，无法控制Windows音量
2025-03-17 00:10:22,439 - 左拾月.平台适配器 - INFO - 处理系统命令: set_volume, 参数: {'level': 50}
2025-03-17 00:10:22,440 - 左拾月.平台适配器 - ERROR - 缺少pycaw库，无法控制Windows音量
2025-03-17 00:10:22,444 - 左拾月.平台适配器 - INFO - 处理系统命令: set_volume, 参数: {'level': 50}
2025-03-17 00:10:22,445 - 左拾月.平台适配器 - ERROR - 缺少pycaw库，无法控制Windows音量
2025-03-17 00:10:22,450 - 左拾月.平台适配器 - INFO - 处理系统命令: set_volume, 参数: {'level': 50}
2025-03-17 00:10:22,451 - 左拾月.平台适配器 - ERROR - 缺少pycaw库，无法控制Windows音量
2025-03-17 00:10:22,456 - 左拾月.平台适配器 - INFO - 处理系统命令: set_volume, 参数: {'level': 50}
2025-03-17 00:10:22,457 - 左拾月.平台适配器 - ERROR - 缺少pycaw库，无法控制Windows音量
2025-03-17 00:10:22,462 - 左拾月.平台适配器 - INFO - 处理系统命令: set_volume, 参数: {'level': 51}
2025-03-17 00:10:22,463 - 左拾月.平台适配器 - ERROR - 缺少pycaw库，无法控制Windows音量
2025-03-17 00:10:22,467 - 左拾月.平台适配器 - INFO - 处理系统命令: set_volume, 参数: {'level': 51}
2025-03-17 00:10:22,468 - 左拾月.平台适配器 - ERROR - 缺少pycaw库，无法控制Windows音量
2025-03-17 00:10:22,472 - 左拾月.平台适配器 - INFO - 处理系统命令: set_volume, 参数: {'level': 52}
2025-03-17 00:10:22,473 - 左拾月.平台适配器 - ERROR - 缺少pycaw库，无法控制Windows音量
2025-03-17 00:10:22,478 - 左拾月.平台适配器 - INFO - 处理系统命令: set_volume, 参数: {'level': 52}
2025-03-17 00:10:22,479 - 左拾月.平台适配器 - ERROR - 缺少pycaw库，无法控制Windows音量
2025-03-17 00:10:22,485 - 左拾月.平台适配器 - INFO - 处理系统命令: set_volume, 参数: {'level': 53}
2025-03-17 00:10:22,486 - 左拾月.平台适配器 - ERROR - 缺少pycaw库，无法控制Windows音量
2025-03-17 00:10:22,491 - 左拾月.平台适配器 - INFO - 处理系统命令: set_volume, 参数: {'level': 53}
2025-03-17 00:10:22,491 - 左拾月.平台适配器 - ERROR - 缺少pycaw库，无法控制Windows音量
2025-03-17 00:10:22,495 - 左拾月.平台适配器 - INFO - 处理系统命令: set_volume, 参数: {'level': 54}
2025-03-17 00:10:22,496 - 左拾月.平台适配器 - ERROR - 缺少pycaw库，无法控制Windows音量
2025-03-17 00:10:22,513 - 左拾月.平台适配器 - INFO - 处理系统命令: set_volume, 参数: {'level': 54}
2025-03-17 00:10:22,514 - 左拾月.平台适配器 - ERROR - 缺少pycaw库，无法控制Windows音量
2025-03-17 00:10:50,207 - 左拾月.平台适配器 - INFO - 处理系统命令: toggle_mute, 参数: None
2025-03-17 00:10:50,211 - 左拾月.平台适配器 - ERROR - 缺少pycaw库，无法控制Windows静音
2025-03-17 00:10:50,919 - 左拾月.平台适配器 - INFO - 处理系统命令: toggle_mute, 参数: None
2025-03-17 00:10:50,920 - 左拾月.平台适配器 - ERROR - 缺少pycaw库，无法控制Windows静音
2025-03-17 00:10:52,066 - 左拾月.应用管理器 - INFO - 正在关闭应用管理器...
2025-03-17 00:10:52,067 - 左拾月.应用管理器 - INFO - 应用管理器已关闭
2025-03-17 00:14:22,033 - 左拾月 - INFO - 左拾月启动中...
2025-03-17 00:14:22,040 - 左拾月.配置管理器 - INFO - 配置已加载
2025-03-17 00:14:22,040 - 左拾月.配置管理器 - INFO - 配置管理器已初始化
2025-03-17 00:14:22,040 - 左拾月.平台适配器 - INFO - 平台适配器已初始化: Windows
2025-03-17 00:14:22,040 - 左拾月 - INFO - 当前运行平台: Windows
2025-03-17 00:14:22,040 - 左拾月.应用管理器 - INFO - 开始初始化功能模块...
2025-03-17 00:14:22,046 - 左拾月.应用管理器 - INFO - 已加载模块: todo
2025-03-17 00:14:22,047 - 左拾月.应用管理器 - INFO - 已加载模块: pomodoro
2025-03-17 00:14:22,047 - 左拾月.应用管理器 - INFO - 已加载模块: launcher
2025-03-17 00:14:22,047 - 左拾月.应用管理器 - INFO - 已加载模块: games
2025-03-17 00:14:22,048 - 左拾月.应用管理器 - INFO - 共加载 4 个模块
2025-03-17 00:14:22,048 - 左拾月.应用管理器 - INFO - 应用管理器已初始化
2025-03-17 00:14:22,258 - 左拾月.应用管理器 - INFO - 开始初始化功能模块...
2025-03-17 00:14:22,258 - 左拾月.应用管理器 - INFO - 已加载模块: todo
2025-03-17 00:14:22,258 - 左拾月.应用管理器 - INFO - 已加载模块: pomodoro
2025-03-17 00:14:22,259 - 左拾月.应用管理器 - INFO - 已加载模块: launcher
2025-03-17 00:14:22,259 - 左拾月.应用管理器 - INFO - 已加载模块: games
2025-03-17 00:14:22,259 - 左拾月.应用管理器 - INFO - 共加载 4 个模块
2025-03-17 00:14:22,340 - 左拾月.TodoModule - INFO - Todo数据库初始化完成
2025-03-17 00:14:22,461 - 左拾月.主窗口 - ERROR - 加载模块UI失败: module 'src.modules.pomodoro' has no attribute 'create_widget'
2025-03-17 00:14:22,462 - 左拾月.主窗口 - ERROR - 加载模块UI失败: module 'src.modules.launcher' has no attribute 'create_widget'
2025-03-17 00:14:22,463 - 左拾月.主窗口 - ERROR - 加载模块UI失败: module 'src.modules.games' has no attribute 'create_widget'
2025-03-17 00:14:22,464 - 左拾月.主窗口 - INFO - 主窗口已初始化
2025-03-17 00:14:44,392 - 左拾月.应用管理器 - INFO - 正在关闭应用管理器...
2025-03-17 00:14:44,392 - 左拾月.应用管理器 - INFO - 应用管理器已关闭
